2018-01-30 14:01:48.858 [main] INFO  test.MailBoxTest - Create 3 email(s) with random data
2018-01-30 14:01:54.506 [main] INFO  test.MailBoxTest - [Email [adress=qwerty1527@yandex.com, subject=testEmail492663, body=Hello! I'm a test email No61], Email [adress=qwerty566@yandex.com, subject=testEmail877310, body=Hello! I'm a test email No54], Email [adress=qwerty6686@yandex.com, subject=testEmail650466, body=Hello! I'm a test email No76]]
2018-01-30 15:14:54.371 [main] INFO  test.MailBoxTest - Create 3 email(s) with random data
2018-01-30 15:14:59.552 [main] INFO  test.MailBoxTest - [Email [adress=qwerty4061@yandex.com, subject=testEmail886282, body=Hello! I'm a test email No16], Email [adress=qwerty3362@yandex.com, subject=testEmail387717, body=Hello! I'm a test email No44], Email [adress=qwerty7579@yandex.com, subject=testEmail330843, body=Hello! I'm a test email No28]]
2018-01-30 15:36:16.907 [main] INFO  test.MailBoxTest - Create 1 email(s) with random data
2018-01-30 15:36:19.776 [main] INFO  test.MailBoxTest - [Email [adress=qwerty7018@yandex.com, subject=testEmail827076, body=Hello! I'm a test email No12]]
2018-01-30 15:36:19.823 [main] INFO  test.MailBoxTest - Actual user name is:
2018-01-30 15:39:46.760 [main] INFO  test.MailBoxTest - Create 1 email(s) with random data
2018-01-30 15:39:48.958 [main] INFO  test.MailBoxTest - [Email [adress=qwerty2906@yandex.com, subject=testEmail712404, body=Hello! I'm a test email No86]]
2018-01-30 15:39:48.988 [main] INFO  test.MailBoxTest - Actual user name is: module5testmailbox
2018-01-30 15:43:42.778 [main] INFO  test.MailBoxTest - Create 1 email(s) with random data
2018-01-30 15:43:53.155 [main] INFO  test.MailBoxTest - [Email [adress=qwerty4991@yandex.com, subject=testEmail664571, body=Hello! I'm a test email No30]]
2018-01-30 15:43:53.185 [main] INFO  test.MailBoxTest - Actual user name is: module5testmailbox
2018-01-30 16:24:07.402 [main] INFO  test.MailBoxTest - Actual user name is: module5testmailbox
2018-01-30 16:24:08.188 [main] INFO  test.MailBoxTest - The number of emails in Sent is: 1
2018-01-30 16:25:26.570 [main] INFO  test.MailBoxTest - Actual user name is: module5testmailbox
2018-01-30 16:25:27.340 [main] INFO  test.MailBoxTest - The number of emails in Sent is: 1
2018-01-30 16:28:03.058 [main] INFO  test.MailBoxTest - Actual user name is: module5testmailbox
2018-01-30 16:28:03.924 [main] INFO  test.MailBoxTest - The number of emails in Sent is: 1
2018-01-30 16:28:04.688 [main] INFO  test.MailBoxTest - The number of emails in Draft is: 0
2018-01-30 16:28:04.688 [main] INFO  test.MailBoxTest - Create email with random data
2018-01-30 16:28:06.106 [main] INFO  test.MailBoxTest - Email [adress=qwerty7098@yandex.com, subject=testEmail709984, body=Hello! I'm a test email No50]
2018-01-30 16:30:58.814 [main] INFO  test.MailBoxTest - Actual user name is: module5testmailbox
2018-01-30 16:30:59.588 [main] INFO  test.MailBoxTest - The number of emails in Sent is: 0
2018-01-30 16:31:00.375 [main] INFO  test.MailBoxTest - The number of emails in Draft is: 0
2018-01-30 16:31:00.376 [main] INFO  test.MailBoxTest - Create email with random data
2018-01-30 16:31:01.966 [main] INFO  test.MailBoxTest - Email [adress=qwerty7130@yandex.com, subject=testEmail609310, body=Hello! I'm a test email No82]
2018-01-30 16:31:52.538 [main] INFO  test.MailBoxTest - The email with subject testEmail609310 is present in Drafts foldery: true
2018-01-30 16:44:57.326 [main] INFO  test.MailBoxTest - Actual user name is: module5testmailbox
2018-01-30 16:44:58.090 [main] INFO  test.MailBoxTest - The number of emails in 'Sent' is: 0
2018-01-30 16:44:58.805 [main] INFO  test.MailBoxTest - The number of emails in 'Draft' is: 1
2018-01-30 16:44:58.805 [main] INFO  test.MailBoxTest - Create email with random data
2018-01-30 16:45:00.424 [main] INFO  test.MailBoxTest - Email [adress=qwerty6558@yandex.com, subject=testEmail266367, body=Hello! I'm a test email No13]
2018-01-30 16:45:28.841 [main] INFO  test.MailBoxTest - The email with subject 'testEmail266367' is present in 'Drafts' folder: true
2018-01-30 16:45:29.214 [main] INFO  test.MailBoxTest - Actual email adress is: qwerty6558@yandex.com
2018-01-30 16:45:29.254 [main] INFO  test.MailBoxTest - Actual email subject is: testEmail266367
2018-01-30 16:45:41.442 [main] INFO  test.MailBoxTest - Actual email body is: Hello! I'm a test email No13
2018-01-30 16:55:21.225 [main] INFO  test.MailBoxTest - Actual user name is: module5testmailbox
2018-01-30 16:55:22.067 [main] INFO  test.MailBoxTest - The number of emails in 'Sent' is: 0
2018-01-30 16:55:22.853 [main] INFO  test.MailBoxTest - The number of emails in 'Draft' is: 2
2018-01-30 16:55:22.853 [main] INFO  test.MailBoxTest - Create email with random data
2018-01-30 16:55:24.579 [main] INFO  test.MailBoxTest - Email [adress=qwerty8865@yandex.com, subject=testEmail687362, body=Hello! I'm a test email No28]
2018-01-30 16:55:54.040 [main] INFO  test.MailBoxTest - The email with subject 'testEmail687362' is present in 'Drafts' folder: true
2018-01-30 16:55:54.041 [main] INFO  test.MailBoxTest - Open an email with subject: testEmail687362
2018-01-30 16:55:54.325 [main] INFO  test.MailBoxTest - Actual email adress is: qwerty8865@yandex.com
2018-01-30 16:55:54.354 [main] INFO  test.MailBoxTest - Actual email subject is: testEmail687362
2018-01-30 16:55:54.391 [main] INFO  test.MailBoxTest - Actual email body is: Hello! I'm a test email No28
2018-01-30 16:56:14.048 [main] INFO  test.MailBoxTest - The email with subject 'testEmail687362' is present in 'Drafts' folder: false
2018-01-30 16:59:52.189 [main] INFO  test.MailBoxTest - Actual user name is: module5testmailbox
2018-01-30 16:59:52.991 [main] INFO  test.MailBoxTest - The number of emails in 'Sent' is: 0
2018-01-30 16:59:53.865 [main] INFO  test.MailBoxTest - The number of emails in 'Draft' is: 3
2018-01-30 16:59:53.866 [main] INFO  test.MailBoxTest - Create email with random data
2018-01-30 16:59:55.694 [main] INFO  test.MailBoxTest - Email [adress=qwerty4938@yandex.com, subject=testEmail94085, body=Hello! I'm a test email No22]
2018-01-30 17:01:15.297 [main] INFO  test.MailBoxTest - Actual user name is: module5testmailbox
2018-01-30 17:01:16.136 [main] INFO  test.MailBoxTest - The number of emails in 'Sent' is: 0
2018-01-30 17:01:16.922 [main] INFO  test.MailBoxTest - The number of emails in 'Draft' is: 4
2018-01-30 17:01:16.922 [main] INFO  test.MailBoxTest - Create email with random data
2018-01-30 17:01:18.404 [main] INFO  test.MailBoxTest - Email [adress=qwerty8661@yandex.com, subject=testEmail699020, body=Hello! I'm a test email No72]
2018-01-30 17:05:49.640 [main] INFO  test.MailBoxTest - Actual user name is: module5testmailbox
2018-01-30 17:05:50.416 [main] INFO  test.MailBoxTest - The number of emails in 'Sent' is: 0
2018-01-30 17:05:51.243 [main] INFO  test.MailBoxTest - The number of emails in 'Draft' is: 5
2018-01-30 17:05:51.243 [main] INFO  test.MailBoxTest - Create email with random data
2018-01-30 17:05:53.122 [main] INFO  test.MailBoxTest - Email [adress=qwerty8130@yandex.com, subject=testEmail757147, body=Hello! I'm a test email No64]
2018-01-30 17:08:25.368 [main] INFO  test.MailBoxTest - Actual user name is: module5testmailbox
2018-01-30 17:08:26.175 [main] INFO  test.MailBoxTest - The number of emails in 'Sent' is: 0
2018-01-30 17:08:27.029 [main] INFO  test.MailBoxTest - The number of emails in 'Draft' is: 6
2018-01-30 17:08:27.030 [main] INFO  test.MailBoxTest - Create email with random data
2018-01-30 17:08:28.549 [main] INFO  test.MailBoxTest - Email [adress=qwerty4427@yandex.com, subject=testEmail835076, body=Hello! I'm a test email No45]
2018-01-30 17:11:29.390 [main] INFO  test.MailBoxTest - Actual user name is: module5testmailbox
2018-01-30 17:11:30.171 [main] INFO  test.MailBoxTest - The number of emails in 'Sent' is: 0
2018-01-30 17:11:30.998 [main] INFO  test.MailBoxTest - The number of emails in 'Draft' is: 7
2018-01-30 17:11:30.998 [main] INFO  test.MailBoxTest - Create email with random data
2018-01-30 17:11:32.617 [main] INFO  test.MailBoxTest - Email [adress=qwerty5692@yandex.com, subject=testEmail982387, body=Hello! I'm a test email No6]
2018-01-30 17:12:18.548 [main] INFO  test.MailBoxTest - The email with subject 'testEmail982387' is present in 'Drafts' folder: true
2018-01-30 17:12:18.548 [main] INFO  test.MailBoxTest - Open an email with subject: testEmail982387
2018-01-30 17:12:18.961 [main] INFO  test.MailBoxTest - Actual email adress is: qwerty5692@yandex.com
2018-01-30 17:12:18.992 [main] INFO  test.MailBoxTest - Actual email subject is: testEmail982387
2018-01-30 17:12:19.027 [main] INFO  test.MailBoxTest - Actual email body is: Hello! I'm a test email No6
2018-01-30 17:12:19.365 [main] INFO  test.MailBoxTest - Open an email with subject: testEmail982387
2018-01-30 17:12:19.452 [main] INFO  test.MailBoxTest - Send an email from 'Drafts'
2018-01-30 17:12:20.913 [main] INFO  test.MailBoxTest - The email with subject 'testEmail982387' is present in 'Drafts' folder: false
2018-01-30 17:24:07.880 [main] INFO  test.MailBoxTest - Actual user name is: module5testmailbox
2018-01-30 17:24:08.622 [main] INFO  test.MailBoxTest - The number of emails in 'Sent' is: 1
2018-01-30 17:24:09.503 [main] INFO  test.MailBoxTest - The number of emails in 'Draft' is: 7
2018-01-30 17:24:09.503 [main] INFO  test.MailBoxTest - Create email with random data
2018-01-30 17:24:11.235 [main] INFO  test.MailBoxTest - Email [adress=qwerty4591@yandex.com, subject=testEmail453409, body=Hello! I'm a test email No61]
2018-01-30 17:24:52.039 [main] INFO  test.MailBoxTest - The email with subject 'testEmail453409' is present in 'Drafts' folder: true
2018-01-30 17:24:52.040 [main] INFO  test.MailBoxTest - Open an email with subject: testEmail453409
2018-01-30 17:24:52.451 [main] INFO  test.MailBoxTest - Actual email adress is: qwerty4591@yandex.com
2018-01-30 17:24:52.477 [main] INFO  test.MailBoxTest - Actual email subject is: testEmail453409
2018-01-30 17:24:52.514 [main] INFO  test.MailBoxTest - Actual email body is: Hello! I'm a test email No61
2018-01-30 17:24:52.937 [main] INFO  test.MailBoxTest - Open an email with subject: testEmail453409
2018-01-30 17:24:53.038 [main] INFO  test.MailBoxTest - Send an email from 'Drafts'
2018-01-30 17:24:54.360 [main] INFO  test.MailBoxTest - The email with subject 'testEmail453409' is present in 'Drafts' folder: false
2018-01-30 17:24:54.360 [main] INFO  test.MailBoxTest - Open 'Sent' folder
2018-01-30 17:25:43.297 [main] INFO  test.MailBoxTest - The email with subject 'testEmail453409' is present in 'Sent' folder: true
2018-01-30 17:47:23.625 [main] INFO  test.MailBoxTest - Actual user name is: module5testmailbox
2018-01-30 17:47:24.532 [main] INFO  test.MailBoxTest - The number of emails in 'Sent' is: 2
2018-01-30 17:47:25.422 [main] INFO  test.MailBoxTest - The number of emails in 'Draft' is: 7
2018-01-30 17:47:25.422 [main] INFO  test.MailBoxTest - Create email with random data
2018-01-30 17:47:26.826 [main] INFO  test.MailBoxTest - Email [adress=qwerty5896@yandex.com, subject=testEmail970478, body=Hello! I'm a test email No77]
2018-01-30 17:48:08.397 [main] INFO  test.MailBoxTest - The email with subject 'testEmail970478' is present in 'Drafts' folder: true
2018-01-30 17:48:08.397 [main] INFO  test.MailBoxTest - Open an email with subject: testEmail970478
2018-01-30 17:48:08.756 [main] INFO  test.MailBoxTest - Actual email adress is: qwerty5896@yandex.com
2018-01-30 17:48:08.799 [main] INFO  test.MailBoxTest - Actual email subject is: testEmail970478
2018-01-30 17:48:08.832 [main] INFO  test.MailBoxTest - Actual email body is: Hello! I'm a test email No77
2018-01-30 17:48:09.154 [main] INFO  test.MailBoxTest - Open an email with subject: testEmail970478
2018-01-30 17:48:09.241 [main] INFO  test.MailBoxTest - Send an email from 'Drafts'
2018-01-30 17:48:10.620 [main] INFO  test.MailBoxTest - The email with subject 'testEmail970478' is present in 'Drafts' folder: false
2018-01-30 17:48:10.620 [main] INFO  test.MailBoxTest - Open 'Sent' folder
2018-01-30 17:48:59.201 [main] INFO  test.MailBoxTest - The email with subject 'testEmail970478' is present in 'Sent' folder: true
